<?xml version="1.0" encoding="utf-8"?><testsuites name="pytest tests"><testsuite name="pytest" errors="0" failures="2" skipped="0" tests="14" time="63.148" timestamp="2026-09-15T15:13:35.386346+00:00" hostname="agent-env-1882dc98-82e7-42cf-88ed-83707bbeda50"><testcase classname="test_iteration5_resilience" name="test_supervisor_all_running" time="0.147" /><testcase classname="test_iteration5_resilience" name="test_redis_ping" time="0.006" /><testcase classname="test_iteration5_resilience" name="test_api_root" time="0.293" /><testcase classname="test_iteration5_resilience" name="test_monitoring_overview_redis_ok" time="0.455" /><testcase classname="test_iteration5_resilience" name="test_login_operator" time="0.478"><failure message="httpx.CookieConflict: Multiple cookies exist with name=samanvay_session">test_iteration5_resilience.py:87: in test_login_operator
    assert c.cookies.get("samanvay_session")
           ^^^^^^^^^^^^^^^^^^^^^^^^^^^^^^^^^
/root/.venv/lib/python3.11/site-packages/httpx/_models.py:1161: in get
    raise CookieConflict(message)
E   httpx.CookieConflict: Multiple cookies exist with name=samanvay_session</failure></testcase><testcase classname="test_iteration5_resilience" name="test_login_citizen" time="0.424"><failure message="httpx.CookieConflict: Multiple cookies exist with name=samanvay_session">test_iteration5_resilience.py:92: in test_login_citizen
    assert c.cookies.get("samanvay_session")
           ^^^^^^^^^^^^^^^^^^^^^^^^^^^^^^^^^
/root/.venv/lib/python3.11/site-packages/httpx/_models.py:1161: in get
    raise CookieConflict(message)
E   httpx.CookieConflict: Multiple cookies exist with name=samanvay_session</failure></testcase><testcase classname="test_iteration5_resilience" name="test_login_wrong_password_401" time="0.345" /><testcase classname="test_iteration5_resilience" name="test_e2e_citizen_application_completes" time="3.097" /><testcase classname="test_iteration5_resilience" name="test_worker_survives_redis_outage_and_recovers" time="22.317" /><testcase classname="test_iteration5_resilience" name="test_worker_startup_with_redis_down" time="33.660" /><testcase classname="test_iteration5_resilience" name="test_dispatcher_wrong_bearer_401" time="0.148" /><testcase classname="test_iteration5_resilience" name="test_dispatcher_success_and_idempotent" time="0.891" /><testcase classname="test_iteration5_resilience" name="test_setup_local_idempotent" time="0.096" /><testcase classname="test_iteration5_resilience" name="test_restore_runtime" time="0.669" /></testsuite></testsuites>