<?xml version="1.0" encoding="utf-8"?><testsuites name="pytest tests"><testsuite name="pytest" errors="0" failures="0" skipped="1" tests="15" time="11.962" timestamp="2026-09-15T17:17:02.740742+00:00" hostname="agent-env-1882dc98-82e7-42cf-88ed-83707bbeda50"><testcase classname="tests.test_multi_scheme" name="test_services_returns_three_schemes" time="0.587" /><testcase classname="tests.test_multi_scheme" name="test_officer_scoping_sjsa_sees_only_scholarship" time="0.454" /><testcase classname="tests.test_multi_scheme" name="test_officer_scoping_agri_sees_only_drip" time="0.445" /><testcase classname="tests.test_multi_scheme" name="test_officer_scoping_skill_sees_only_skill" time="0.500" /><testcase classname="tests.test_multi_scheme" name="test_skill_officer_gets_404_on_scholarship_txn" time="0.298" /><testcase classname="tests.test_multi_scheme" name="test_scholarship_end_to_end" time="4.031" /><testcase classname="tests.test_multi_scheme" name="test_application_without_consent_rejected" time="0.068" /><testcase classname="tests.test_multi_scheme" name="test_monitoring_overview_has_three_schemes" time="0.102" /><testcase classname="tests.test_multi_scheme" name="test_applications_by_status_seeded" time="0.613" /><testcase classname="tests.test_multi_scheme" name="test_seeded_completed_has_full_evidence" time="0.493" /><testcase classname="tests.test_multi_scheme" name="test_seeded_rejected_has_decision" time="0.398" /><testcase classname="tests.test_multi_scheme" name="test_demo_journey_with_drip_success" time="1.880" /><testcase classname="tests.test_multi_scheme" name="test_demo_journey_treasury_unavailable_scholarship" time="1.751" /><testcase classname="tests.test_multi_scheme" name="test_policy_rule_uses_benefit_eligibility" time="0.073"><skipped type="pytest.skip" message="no policy rules endpoint">/app/backend/tests/test_multi_scheme.py:299: no policy rules endpoint</skipped></testcase><testcase classname="tests.test_multi_scheme" name="test_reset_demo_forbidden_for_citizen" time="0.179" /></testsuite></testsuites>