<?xml version="1.0" encoding="utf-8"?><testsuites name="pytest tests"><testsuite name="pytest" errors="0" failures="0" skipped="0" tests="12" time="27.791" timestamp="2026-09-15T16:42:12.649526+00:00" hostname="agent-env-1882dc98-82e7-42cf-88ed-83707bbeda50"><testcase classname="tests.test_review_flow" name="test_manual_journey_pauses_under_review" time="2.363" /><testcase classname="tests.test_review_flow" name="test_reviews_pending_lists_case" time="2.139" /><testcase classname="tests.test_review_flow" name="test_reviews_forbidden_for_citizen" time="0.419" /><testcase classname="tests.test_review_flow" name="test_sanction_flow" time="3.583" /><testcase classname="tests.test_review_flow" name="test_reject_flow" time="2.908" /><testcase classname="tests.test_review_flow" name="test_decision_forbidden_for_operator" time="1.784" /><testcase classname="tests.test_review_flow" name="test_decision_forbidden_for_citizen" time="1.994" /><testcase classname="tests.test_review_flow" name="test_decision_remarks_too_short" time="1.906" /><testcase classname="tests.test_review_flow" name="test_decision_stale_version_conflict" time="1.903" /><testcase classname="tests.test_review_flow" name="test_decision_not_reviewable_after_decision" time="1.953" /><testcase classname="tests.test_review_flow" name="test_auto_mode_completes_without_officer" time="1.810" /><testcase classname="tests.test_review_flow" name="test_citizen_projection_hides_officer_id" time="4.689" /></testsuite></testsuites>